2021-12-19 00:50:28 | [INFO]    | Discordia 2.9.1
2021-12-19 00:50:28 | [INFO]    | Connecting to Discord...
2021-12-19 00:50:29 | [INFO]    | Authenticated as BotTESTE#2691
2021-12-19 00:50:29 | [INFO]    | Launching shard 0 (1 out of 1)...
2021-12-19 00:50:29 | [INFO]    | Shard 0 : Connected to wss://gateway.discord.gg
2021-12-19 00:50:29 | [INFO]    | Shard 0 : Received HELLO
2021-12-19 00:50:30 | [INFO]    | Shard 0 : Received READY
2021-12-19 01:11:07 | [INFO]    | Discordia 2.9.1
2021-12-19 01:11:07 | [INFO]    | Connecting to Discord...
2021-12-19 01:11:07 | [INFO]    | Authenticated as BotTESTE#2691
2021-12-19 01:11:07 | [INFO]    | Launching shard 0 (1 out of 1)...
2021-12-19 01:11:08 | [INFO]    | Shard 0 : Connected to wss://gateway.discord.gg
2021-12-19 01:11:08 | [INFO]    | Shard 0 : Received HELLO
2021-12-19 01:11:08 | [INFO]    | Shard 0 : Received READY
2021-12-19 01:14:07 | [INFO]    | Discordia 2.9.1
2021-12-19 01:14:07 | [INFO]    | Connecting to Discord...
2021-12-19 01:14:07 | [INFO]    | Authenticated as BotTESTE#2691
2021-12-19 01:14:07 | [INFO]    | Launching shard 0 (1 out of 1)...
2021-12-19 01:14:07 | [INFO]    | Shard 0 : Connected to wss://gateway.discord.gg
2021-12-19 01:14:07 | [INFO]    | Shard 0 : Received HELLO
2021-12-19 01:14:07 | [INFO]    | Shard 0 : Received READY
2021-12-19 01:14:59 | [INFO]    | Discordia 2.9.1
2021-12-19 01:14:59 | [INFO]    | Connecting to Discord...
2021-12-19 01:14:59 | [INFO]    | Authenticated as BotTESTE#2691
2021-12-19 01:14:59 | [INFO]    | Launching shard 0 (1 out of 1)...
2021-12-19 01:14:59 | [INFO]    | Shard 0 : Connected to wss://gateway.discord.gg
2021-12-19 01:14:59 | [INFO]    | Shard 0 : Received HELLO
2021-12-19 01:15:00 | [INFO]    | Shard 0 : Received READY
2021-12-19 01:16:29 | [INFO]    | Discordia 2.9.1
2021-12-19 01:16:29 | [INFO]    | Connecting to Discord...
2021-12-19 01:16:29 | [INFO]    | Authenticated as BotTESTE#2691
2021-12-19 01:16:29 | [INFO]    | Launching shard 0 (1 out of 1)...
2021-12-19 01:16:29 | [INFO]    | Shard 0 : Connected to wss://gateway.discord.gg
2021-12-19 01:16:29 | [INFO]    | Shard 0 : Received HELLO
2021-12-19 01:16:29 | [INFO]    | Shard 0 : Received READY
2021-12-19 01:16:49 | [INFO]    | Discordia 2.9.1
2021-12-19 01:16:49 | [INFO]    | Connecting to Discord...
2021-12-19 01:16:49 | [INFO]    | Authenticated as BotTESTE#2691
2021-12-19 01:16:49 | [INFO]    | Launching shard 0 (1 out of 1)...
2021-12-19 01:16:49 | [INFO]    | Shard 0 : Connected to wss://gateway.discord.gg
2021-12-19 01:16:49 | [INFO]    | Shard 0 : Received HELLO
2021-12-19 01:16:50 | [INFO]    | Shard 0 : Received READY
